<?xml version="1.0" encoding="UTF-8"?>
<!-- Generated by org.testng.reporters.JUnitReportReporter -->
<testsuite hostname="QT-INBG-LT0746" failures="0" tests="1" name="auto.login" time="7.348" errors="0" timestamp="2022-09-19T10:04:39 IST" skipped="0">
  <testcase classname="auto.login" name="setup" time="7.348"/>
  <system-out/>
</testsuite> <!-- auto.login -->
